Arguments: 
  C:\Program Files\nodejs\node.exe C:\Users\xuan\.node\corepack\yarn\1.22.19\bin\yarn.js add struct-napi --dev

PATH: 
  C:\Users\xuan\bin;C:\Program Files\Git\mingw64\bin;C:\Program Files\Git\usr\local\bin;C:\Program Files\Git\usr\bin;C:\Program Files\Git\usr\bin;C:\Program Files\Git\mingw64\bin;C:\Program Files\Git\usr\bin;C:\Users\xuan\bin;C:\Program Files (x86)\VMware\VMware Workstation\bin;C:\windows\system32;C:\windows;C:\windows\System32\Wbem;C:\windows\System32\WindowsPowerShell\v1.0;C:\windows\System32\OpenSSH;C:\Program Files (x86)\NVIDIA Corporation\PhysX\Common;C:\Users\xuan\AppData\Roaming\nvm;C:\Program Files\nodejs;C:\Program Files (x86)\NetSarang\Xshell 7;C:\Program Fies\PowerShell\7;C:\Program Files\Microsoft VS Code\bin;C:\Users\xuan\AppData\Local\Programs\Python\Python310;C:\Program Files\Go\bin;C:\tools\mingw64-8.1.0\bin;C:\Users\xuan\AppData\Local\Android\Sdk\platform-tools;C:\tools\Redis;C:\Program;C:\Program Fi;es\dotnet;C:\Users\xuan\AppData\Local\Programs\Python\Python310\Scripts;C:\Program Files\dotnet;C:\Program Files\Graphviz\bin;C:\WINDOWS\system32;C:\WINDOWS;C:\WINDOWS\System32\Wbem;C:\WINDOWS\System32\WindowsPowerShell\v1.0;C:\WINDOWS\System32\OpenSSH;C:\Program Files (x86)\Tencent\微信web开发者工具\dll;C:\Program Files\Git\cmd;C:\Program Files\PowerShell\7;C:\Users\xuan\AppData\Local\Yarn\bin;C:\Users\xuan\AppData\Local\Microsoft\WindowsApps;C:\Users\xuan\AppData\Roaming\nvm;C:\Program Files\nodejs;C:\Users\xuan\go\bin;C:\Program Files\JetBrains\GoLand 2022.1.1\bin;C:\Users\xuan\.dotnet\tools;C:\Program Files\Git\usr\bin\vendor_perl;C:\Program Files\Git\usr\bin\core_perl

Yarn version: 
  1.22.19

Node version: 
  16.15.0

Platform: 
  win32 x64

Trace: 
  Error: https://registry.npmmirror.com/struct-napi: [NOT_FOUND] struct-napi not found
      at Request.params.callback [as _callback] (C:\Users\xuan\.node\corepack\yarn\1.22.19\lib\cli.js:66145:18)
      at Request.self.callback (C:\Users\xuan\.node\corepack\yarn\1.22.19\lib\cli.js:140890:22)
      at Request.emit (node:events:527:28)
      at Request.<anonymous> (C:\Users\xuan\.node\corepack\yarn\1.22.19\lib\cli.js:141862:10)
      at Request.emit (node:events:527:28)
      at Gunzip.<anonymous> (C:\Users\xuan\.node\corepack\yarn\1.22.19\lib\cli.js:141784:12)
      at Object.onceWrapper (node:events:641:28)
      at Gunzip.emit (node:events:527:28)
      at endReadableNT (node:internal/streams/readable:1345:12)
      at processTicksAndRejections (node:internal/process/task_queues:83:21)

npm manifest: 
  {
    "name": "ex_node",
    "version": "1.0.0",
    "main": "index.js",
    "license": "MIT",
    "scripts": {
      "main": "node ./main.js"
    },
    "dependencies": {},
    "devDependencies": {
      "ffi-napi": "^4.0.3",
      "ref-array-di": "^1.2.2",
      "ref-array-napi": "^1.2.2",
      "ref-napi": "^3.0.3"
    }
  }

yarn manifest: 
  No manifest

Lockfile: 
  # THIS IS AN AUTOGENERATED FILE. DO NOT EDIT THIS FILE DIRECTLY.
  # yarn lockfile v1
  
  
  array-index@1, array-index@^1.0.0:
    version "1.0.0"
    resolved "https://registry.npmmirror.com/array-index/-/array-index-1.0.0.tgz#ec56a749ee103e4e08c790b9c353df16055b97f9"
    integrity sha512-jesyNbBkLQgGZMSwA1FanaFjalb1mZUGxGeUEkSDidzgrbjBGhvizJkaItdhkt8eIHFOJC7nDsrXk+BaehTdRw==
    dependencies:
      debug "^2.2.0"
      es6-symbol "^3.0.2"
  
  d@1, d@^1.0.1:
    version "1.0.1"
    resolved "https://registry.npmmirror.com/d/-/d-1.0.1.tgz#8698095372d58dbee346ffd0c7093f99f8f9eb5a"
    integrity sha512-m62ShEObQ39CfralilEQRjH6oAMtNCV1xJyEx5LpRYUVN+EviphDgUc/F3hnYbADmkiNs67Y+3ylmlG7Lnu+FA==
    dependencies:
      es5-ext "^0.10.50"
      type "^1.0.1"
  
  debug@2, debug@^2.2.0:
    version "2.6.9"
    resolved "https://registry.npmmirror.com/debug/-/debug-2.6.9.tgz#5d128515df134ff327e90a4c93f4e077a536341f"
    integrity sha512-bC7ElrdJaJnPbAP+1EotYvqZsb3ecl5wi6Bfi6BJTUcNowp6cvspg0jXznRTKDjm/E7AdgFBVeAPVMNcKGsHMA==
    dependencies:
      ms "2.0.0"
  
  debug@^3.1.0:
    version "3.2.7"
    resolved "https://registry.npmmirror.com/debug/-/debug-3.2.7.tgz#72580b7e9145fb39b6676f9c5e5fb100b934179a"
    integrity sha512-CFjzYYAi4ThfiQvizrFQevTTXHtnCqWfe7x1AhgEscTz6ZbLbfoLRLPugTQyBth6f8ZERVUSyWHFD/7Wu4t1XQ==
    dependencies:
      ms "^2.1.1"
  
  debug@^4.1.1:
    version "4.3.4"
    resolved "https://registry.npmmirror.com/debug/-/debug-4.3.4.tgz#1319f6579357f2338d3337d2cdd4914bb5dcc865"
    integrity sha512-PRWFHuSU3eDtQJPvnNY7Jcket1j0t5OuOsFzPPzsekD52Zl8qUfFIPEiswXqIvHWGVHOgX+7G/vCNNhehwxfkQ==
    dependencies:
      ms "2.1.2"
  
  es5-ext@^0.10.35, es5-ext@^0.10.50:
    version "0.10.62"
    resolved "https://registry.npmmirror.com/es5-ext/-/es5-ext-0.10.62.tgz#5e6adc19a6da524bf3d1e02bbc8960e5eb49a9a5"
    integrity sha512-BHLqn0klhEpnOKSrzn/Xsz2UIW8j+cGmo9JLzr8BiUapV8hPL9+FliFqjwr9ngW7jWdnxv6eO+/LqyhJVqgrjA==
    dependencies:
      es6-iterator "^2.0.3"
      es6-symbol "^3.1.3"
      next-tick "^1.1.0"
  
  es6-iterator@^2.0.3:
    version "2.0.3"
    resolved "https://registry.npmmirror.com/es6-iterator/-/es6-iterator-2.0.3.tgz#a7de889141a05a94b0854403b2d0a0fbfa98f3b7"
    integrity sha512-zw4SRzoUkd+cl+ZoE15A9o1oQd920Bb0iOJMQkQhl3jNc03YqVjAhG7scf9C5KWRU/R13Orf588uCC6525o02g==
    dependencies:
      d "1"
      es5-ext "^0.10.35"
      es6-symbol "^3.1.1"
  
  es6-symbol@^3.0.2, es6-symbol@^3.1.1, es6-symbol@^3.1.3:
    version "3.1.3"
    resolved "https://registry.npmmirror.com/es6-symbol/-/es6-symbol-3.1.3.tgz#bad5d3c1bcdac28269f4cb331e431c78ac705d18"
    integrity sha512-NJ6Yn3FuDinBaBRWl/q5X/s4koRHBrgKAu+yGI6JCBeiu3qrcbJhwT2GeR/EXVfylRk8dpQVJoLEFhK+Mu31NA==
    dependencies:
      d "^1.0.1"
      ext "^1.1.2"
  
  ext@^1.1.2:
    version "1.7.0"
    resolved "https://registry.npmmirror.com/ext/-/ext-1.7.0.tgz#0ea4383c0103d60e70be99e9a7f11027a33c4f5f"
    integrity sha512-6hxeJYaL110a9b5TEJSj0gojyHQAmA2ch5Os+ySCiA1QGdS697XWY1pzsrSjqA9LDEEgdB/KypIlR59RcLuHYw==
    dependencies:
      type "^2.7.2"
  
  ffi-napi@^4.0.3:
    version "4.0.3"
    resolved "https://registry.npmmirror.com/ffi-napi/-/ffi-napi-4.0.3.tgz#27a8d42a8ea938457154895c59761fbf1a10f441"
    integrity sha512-PMdLCIvDY9mS32RxZ0XGb95sonPRal8aqRhLbeEtWKZTe2A87qRFG9HjOhvG8EX2UmQw5XNRMIOT+1MYlWmdeg==
    dependencies:
      debug "^4.1.1"
      get-uv-event-loop-napi-h "^1.0.5"
      node-addon-api "^3.0.0"
      node-gyp-build "^4.2.1"
      ref-napi "^2.0.1 || ^3.0.2"
      ref-struct-di "^1.1.0"
  
  get-symbol-from-current-process-h@^1.0.1, get-symbol-from-current-process-h@^1.0.2:
    version "1.0.2"
    resolved "https://registry.npmmirror.com/get-symbol-from-current-process-h/-/get-symbol-from-current-process-h-1.0.2.tgz#510af52eaef873f7028854c3377f47f7bb200265"
    integrity sha512-syloC6fsCt62ELLrr1VKBM1ggOpMdetX9hTrdW77UQdcApPHLmf7CI7OKcN1c9kYuNxKcDe4iJ4FY9sX3aw2xw==
  
  get-uv-event-loop-napi-h@^1.0.5:
    version "1.0.6"
    resolved "https://registry.npmmirror.com/get-uv-event-loop-napi-h/-/get-uv-event-loop-napi-h-1.0.6.tgz#42b0b06b74c3ed21fbac8e7c72845fdb7a200208"
    integrity sha512-t5c9VNR84nRoF+eLiz6wFrEp1SE2Acg0wS+Ysa2zF0eROes+LzOfuTaVHxGy8AbS8rq7FHEJzjnCZo1BupwdJg==
    dependencies:
      get-symbol-from-current-process-h "^1.0.1"
  
  ms@2.0.0:
    version "2.0.0"
    resolved "https://registry.npmmirror.com/ms/-/ms-2.0.0.tgz#5608aeadfc00be6c2901df5f9861788de0d597c8"
    integrity sha512-Tpp60P6IUJDTuOq/5Z8cdskzJujfwqfOTkrwIwj7IRISpnkJnT6SyJ4PCPnGMoFjC9ddhal5KVIYtAt97ix05A==
  
  ms@2.1.2:
    version "2.1.2"
    resolved "https://registry.npmmirror.com/ms/-/ms-2.1.2.tgz#d09d1f357b443f493382a8eb3ccd183872ae6009"
    integrity sha512-sGkPx+VjMtmA6MX27oA4FBFELFCZZ4S4XqeGOXCv68tT+jb3vk/RyaKWP0PTKyWtmLSM0b+adUTEvbs1PEaH2w==
  
  ms@^2.1.1:
    version "2.1.3"
    resolved "https://registry.npmmirror.com/ms/-/ms-2.1.3.tgz#574c8138ce1d2b5861f0b44579dbadd60c6615b2"
    integrity sha512-6FlzubTLZG3J2a/NVCAleEhjzq5oxgHyaCU9yYXvcLsvoVaHJq/s5xXI6/XXP6tz7R9xAOtHnSO/tXtF3WRTlA==
  
  next-tick@^1.1.0:
    version "1.1.0"
    resolved "https://registry.npmmirror.com/next-tick/-/next-tick-1.1.0.tgz#1836ee30ad56d67ef281b22bd199f709449b35eb"
    integrity sha512-CXdUiJembsNjuToQvxayPZF9Vqht7hewsvy2sOWafLvi2awflj9mOC6bHIg50orX8IJvWKY9wYQ/zB2kogPslQ==
  
  node-addon-api@^3.0.0:
    version "3.2.1"
    resolved "https://registry.npmmirror.com/node-addon-api/-/node-addon-api-3.2.1.tgz#81325e0a2117789c0128dab65e7e38f07ceba161"
    integrity sha512-mmcei9JghVNDYydghQmeDX8KoAm0FAiYyIcUt/N4nhyAipB17pllZQDOJD2fotxABnt4Mdz+dKTO7eftLg4d0A==
  
  node-gyp-build@^4.2.1:
    version "4.5.0"
    resolved "https://registry.npmmirror.com/node-gyp-build/-/node-gyp-build-4.5.0.tgz#7a64eefa0b21112f89f58379da128ac177f20e40"
    integrity sha512-2iGbaQBV+ITgCz76ZEjmhUKAKVf7xfY1sRl4UiKQspfZMH2h06SyhNsnSVy50cwkFQDGLyif6m/6uFXHkOZ6rg==
  
  ref-array-di@^1.2.2:
    version "1.2.2"
    resolved "https://registry.npmmirror.com/ref-array-di/-/ref-array-di-1.2.2.tgz#ceee9d667d9c424b5a91bb813457cc916fb1f64d"
    integrity sha512-jhCmhqWa7kvCVrWhR/d7RemkppqPUdxEil1CtTtm7FkZV8LcHHCK3Or9GinUiFP5WY3k0djUkMvhBhx49Jb2iA==
    dependencies:
      array-index "^1.0.0"
      debug "^3.1.0"
  
  ref-array-napi@^1.2.2:
    version "1.2.2"
    resolved "https://registry.npmmirror.com/ref-array-napi/-/ref-array-napi-1.2.2.tgz#8b172b375aa04441860973c262ac8a557e3d368e"
    integrity sha512-EGQzUQpyqD/hN9eIn3uF68UPBmwJXdWkumHCmvK3ncjw128bkjd8TbJ51ur+2PZ4UrfCOQCcPQkuWZ6mNHch9A==
    dependencies:
      array-index "1"
      debug "2"
      ref-napi "^3.0.1"
  
  "ref-napi@^2.0.1 || ^3.0.2", ref-napi@^3.0.1, ref-napi@^3.0.3:
    version "3.0.3"
    resolved "https://registry.npmmirror.com/ref-napi/-/ref-napi-3.0.3.tgz#e259bfc2bbafb3e169e8cd9ba49037dd00396b22"
    integrity sha512-LiMq/XDGcgodTYOMppikEtJelWsKQERbLQsYm0IOOnzhwE9xYZC7x8txNnFC9wJNOkPferQI4vD4ZkC0mDyrOA==
    dependencies:
      debug "^4.1.1"
      get-symbol-from-current-process-h "^1.0.2"
      node-addon-api "^3.0.0"
      node-gyp-build "^4.2.1"
  
  ref-struct-di@^1.1.0:
    version "1.1.1"
    resolved "https://registry.npmmirror.com/ref-struct-di/-/ref-struct-di-1.1.1.tgz#5827b1d3b32372058f177547093db1fe1602dc10"
    integrity sha512-2Xyn/0Qgz89VT+++WP0sTosdm9oeowLP23wRJYhG4BFdMUrLj3jhwHZNEytYNYgtPKLNTP3KJX4HEgBvM1/Y2g==
    dependencies:
      debug "^3.1.0"
  
  type@^1.0.1:
    version "1.2.0"
    resolved "https://registry.npmmirror.com/type/-/type-1.2.0.tgz#848dd7698dafa3e54a6c479e759c4bc3f18847a0"
    integrity sha512-+5nt5AAniqsCnu2cEQQdpzCAh33kVx8n0VoFidKpB1dVVLAN/F+bgVOqOJqOnEnrhp222clB5p3vUlD+1QAnfg==
  
  type@^2.7.2:
    version "2.7.2"
    resolved "https://registry.npmmirror.com/type/-/type-2.7.2.tgz#2376a15a3a28b1efa0f5350dcf72d24df6ef98d0"
    integrity sha512-dzlvlNlt6AXU7EBSfpAscydQ7gXB+pPGsPnfJnZpiNJBDj7IaJzQlBZYGdEi4R9HmPdBv2XmWJ6YUtoTa7lmCw==
